#
# There is insufficient memory for the Java Runtime Environment to continue.
# Native memory allocation (mmap) failed to map 65536 bytes for Failed to commit metaspace.
# Possible reasons:
#   The system is out of physical RAM or swap space
#   The process is running with CompressedOops enabled, and the Java Heap may be blocking the growth of the native heap
# Possible solutions:
#   Reduce memory load on the system
#   Increase physical memory or swap space
#   Check if swap backing store is full
#   Decrease Java heap size (-Xmx/-Xms)
#   Decrease number of Java threads
#   Decrease Java thread stack sizes (-Xss)
#   Set larger code cache with -XX:ReservedCodeCacheSize=
#   JVM is running with Unscaled Compressed Oops mode in which the Java heap is
#     placed in the first 4GB address space. The Java Heap base address is the
#     maximum limit for the native heap growth. Please use -XX:HeapBaseMinAddress
#     to set the Java Heap base and to place the Java Heap above 4GB virtual address.
# This output file may be truncated or incomplete.
#
#  Out of Memory Error (virtualSpaceNode.cpp:110), pid=3196, tid=14188
#
# JRE version: OpenJDK Runtime Environment Temurin-17.0.4.1+1 (17.0.4.1+1) (build 17.0.4.1+1)
# Java VM: OpenJDK 64-Bit Server VM Temurin-17.0.4.1+1 (17.0.4.1+1, mixed mode, tiered, compressed oops, compressed class ptrs, g1 gc, windows-amd64)
# No core dump will be written. Minidumps are not enabled by default on client versions of Windows
#

---------------  S U M M A R Y ------------

Command Line: -Dmaven.home=EMBEDDED -Dclassworlds.conf=C:\Users\geeth\Documents\workspace-spring-tool-suite-4-4.16.1.RELEASE\.metadata\.plugins\org.eclipse.m2e.launching\launches\m2conf12256488840292250691.tmp -Dmaven.multiModuleProjectDirectory=C:\Users\geeth\Documents\workspace-spring-tool-suite-4-4.16.1.RELEASE\Car-service -Dfile.encoding=UTF-8 -XX:+ShowCodeDetailsInExceptionMessages org.codehaus.plexus.classworlds.launcher.Launcher -Ppom.xml -B -Dstyle.color=always clean

Host: Intel(R) Core(TM) i5-7200U CPU @ 2.50GHz, 4 cores, 7G,  Windows 10 , 64 bit Build 19041 (10.0.19041.2364)
Time: Mon Jan  2 16:17:58 2023 India Standard Time elapsed time: 0.389320 seconds (0d 0h 0m 0s)

---------------  T H R E A D  ---------------

Current thread (0x000002056af27530):  JavaThread "main" [_thread_in_vm, id=14188, stack(0x00000021d7400000,0x00000021d7500000)]

Stack: [0x00000021d7400000,0x00000021d7500000]
Native frames: (J=compiled Java code, j=interpreted, Vv=VM code, C=native code)
V  [jvm.dll+0x67731a]
V  [jvm.dll+0x832284]
V  [jvm.dll+0x833a2e]
V  [jvm.dll+0x834093]
V  [jvm.dll+0x245775]
V  [jvm.dll+0x82e22b]
V  [jvm.dll+0x61bdf6]
V  [jvm.dll+0x61be5a]
V  [jvm.dll+0x61e67a]
V  [jvm.dll+0x61c796]
V  [jvm.dll+0x2431cc]
V  [jvm.dll+0x6cd7ed]
V  [jvm.dll+0x6ce21f]
V  [jvm.dll+0x370333]
V  [jvm.dll+0x36f512]
V  [jvm.dll+0x36f4b8]
V  [jvm.dll+0x55df35]
V  [jvm.dll+0x55ce54]
V  [jvm.dll+0x383307]
V  [jvm.dll+0x38295f]
C  0x000002056e60a56c

Java frames: (J=compiled Java code, j=interpreted, Vv=VM code)
j  sun.net.www.protocol.jar.JarFileFactory.getOrCreate(Ljava/net/URL;Z)Ljava/util/jar/JarFile;+18 java.base@17.0.4.1
j  sun.net.www.protocol.jar.JarURLConnection.connect()V+43 java.base@17.0.4.1
j  sun.net.www.protocol.jar.JarURLConnection.getInputStream()Ljava/io/InputStream;+1 java.base@17.0.4.1
j  java.net.URL.openStream()Ljava/io/InputStream;+4 java.base@17.0.4.1
j  org.fusesource.jansi.internal.JansiLoader.getVersion()Ljava/lang/String;+25
j  org.fusesource.jansi.internal.JansiLoader$1.<init>()V+17
j  org.fusesource.jansi.internal.JansiLoader.cleanup()V+21
j  org.fusesource.jansi.internal.JansiLoader.initialize()Z+6
j  org.fusesource.jansi.internal.CLibrary.<clinit>()V+0
v  ~StubRoutines::call_stub
j  org.fusesource.jansi.AnsiConsole.ansiStream(Z)Lorg/fusesource/jansi/AnsiPrintStream;+62
j  org.fusesource.jansi.AnsiConsole.initStreams()V+7
j  org.fusesource.jansi.AnsiConsole.systemInstall()V+15
j  org.apache.maven.shared.utils.logging.MessageUtils.systemInstall()V+6
j  org.apache.maven.cli.MavenCli.main([Ljava/lang/String;Lorg/codehaus/plexus/classworlds/ClassWorld;)I+8
v  ~StubRoutines::call_stub
j  jdk.internal.reflect.NativeMethodAccessorImpl.invoke0(Ljava/lang/reflect/Method;Ljava/lang/Object;[Ljava/lang/Object;)Ljava/lang/Object;+0 java.base@17.0.4.1
j  jdk.internal.reflect.NativeMethodAccessorImpl.invoke(Ljava/lang/Object;[Ljava/lang/Object;)Ljava/lang/Object;+133 java.base@17.0.4.1
j  jdk.internal.reflect.DelegatingMethodAccessorImpl.invoke(Ljava/lang/Object;[Ljava/lang/Object;)Ljava/lang/Object;+6 java.base@17.0.4.1
j  java.lang.reflect.Method.invoke(Ljava/lang/Object;[Ljava/lang/Object;)Ljava/lang/Object;+59 java.base@17.0.4.1
j  org.codehaus.plexus.classworlds.launcher.Launcher.launchEnhanced([Ljava/lang/String;)V+45
j  org.codehaus.plexus.classworlds.launcher.Launcher.launch([Ljava/lang/String;)V+2
j  org.codehaus.plexus.classworlds.launcher.Launcher.mainWithExitCode([Ljava/lang/String;)I+101
j  org.codehaus.plexus.classworlds.launcher.Launcher.main([Ljava/lang/String;)V+1
v  ~StubRoutines::call_stub

---------------  P R O C E S S  ---------------

Threads class SMR info:
_java_thread_list=0x000002057f2c5b50, length=13, elements={
0x000002056af27530, 0x000002057e701260, 0x000002057e706000, 0x000002057e6ee0d0,
0x000002057f120480, 0x000002057f1120b0, 0x000002057f112970, 0x000002057f116a60,
0x000002057f118b50, 0x000002057f119450, 0x000002057f28d180, 0x000002057f29bda0,
0x000002057f350a90
}

Java Threads: ( => current thread )
=>0x000002056af27530 JavaThread "main" [_thread_in_vm, id=14188, stack(0x00000021d7400000,0x00000021d7500000)]
  0x000002057e701260 JavaThread "Reference Handler" daemon [_thread_blocked, id=13740, stack(0x00000021d7b00000,0x00000021d7c00000)]
  0x000002057e706000 JavaThread "Finalizer" daemon [_thread_blocked, id=12216, stack(0x00000021d7c00000,0x00000021d7d00000)]
  0x000002057e6ee0d0 JavaThread "Signal Dispatcher" daemon [_thread_blocked, id=14900, stack(0x00000021d7d00000,0x00000021d7e00000)]
  0x000002057f120480 JavaThread "Attach Listener" daemon [_thread_blocked, id=16808, stack(0x00000021d7e00000,0x00000021d7f00000)]
  0x000002057f1120b0 JavaThread "Service Thread" daemon [_thread_blocked, id=17748, stack(0x00000021d7f00000,0x00000021d8000000)]
  0x000002057f112970 JavaThread "Monitor Deflation Thread" daemon [_thread_blocked, id=13968, stack(0x00000021d8000000,0x00000021d8100000)]
  0x000002057f116a60 JavaThread "C2 CompilerThread0" daemon [_thread_blocked, id=832, stack(0x00000021d8100000,0x00000021d8200000)]
  0x000002057f118b50 JavaThread "C1 CompilerThread0" daemon [_thread_blocked, id=2196, stack(0x00000021d8200000,0x00000021d8300000)]
  0x000002057f119450 JavaThread "Sweeper thread" daemon [_thread_blocked, id=15932, stack(0x00000021d8300000,0x00000021d8400000)]
  0x000002057f28d180 JavaThread "Notification Thread" daemon [_thread_blocked, id=9812, stack(0x00000021d8400000,0x00000021d8500000)]
  0x000002057f29bda0 JavaThread "Common-Cleaner" daemon [_thread_blocked, id=16468, stack(0x00000021d8600000,0x00000021d8700000)]
  0x000002057f350a90 JavaThread "C2 CompilerThread1" daemon [_thread_blocked, id=8, stack(0x00000021d8700000,0x00000021d8800000)]

Other Threads:
  0x000002057e6db650 VMThread "VM Thread" [stack: 0x00000021d7a00000,0x00000021d7b00000] [id=9500]
  0x000002056afa3ca0 WatcherThread [stack: 0x00000021d8500000,0x00000021d8600000] [id=8768]
  0x000002056af82610 GCTaskThread "GC Thread#0" [stack: 0x00000021d7500000,0x00000021d7600000] [id=11832]
  0x000002056af94260 ConcurrentGCThread "G1 Main Marker" [stack: 0x00000021d7600000,0x00000021d7700000] [id=10420]
  0x000002056af954e0 ConcurrentGCThread "G1 Conc#0" [stack: 0x00000021d7700000,0x00000021d7800000] [id=10092]
  0x000002057e530090 ConcurrentGCThread "G1 Refine#0" [stack: 0x00000021d7800000,0x00000021d7900000] [id=14176]
  0x000002057e5319d0 ConcurrentGCThread "G1 Service" [stack: 0x00000021d7900000,0x00000021d7a00000] [id=9460]

Threads with active compile tasks:

VM state: not at safepoint (normal execution)

VM Mutex/Monitor currently owned by a thread:  ([mutex/lock_event])
[0x000002056af21bf0] Metaspace_lock - owner thread: 0x000002056af27530

Heap address: 0x0000000081800000, size: 2024 MB, Compressed Oops mode: 32-bit

CDS archive(s) not mapped
Compressed class space mapped at: 0x0000000100000000-0x0000000140000000, reserved size: 1073741824
Narrow klass base: 0x0000000000000000, Narrow klass shift: 3, Narrow klass range: 0x140000000

GC Precious Log:
 CPUs: 4 total, 4 available
 Memory: 8095M
 Large Page Support: Disabled
 NUMA Support: Disabled
 Compressed Oops: Enabled (32-bit)
 Heap Region Size: 1M
 Heap Min Capacity: 8M
 Heap Initial Capacity: 128M
 Heap Max Capacity: 2024M
 Pre-touch: Disabled
 Parallel Workers: 4
 Concurrent Workers: 1
 Concurrent Refinement Workers: 4
 Periodic GC: Disabled

Heap:
 garbage-first heap   total 131072K, used 3072K [0x0000000081800000, 0x0000000100000000)
  region size 1024K, 4 young (4096K), 0 survivors (0K)
 Metaspace       used 6758K, committed 6848K, reserved 1056768K
  class space    used 556K, committed 640K, reserved 1048576K

Heap Regions: E=young(eden), S=young(survivor), O=old, HS=humongous(starts), HC=humongous(continues), CS=collection set, F=free, OA=open archive, CA=closed archive, TAMS=top-at-mark-start (previous, next)
|   0|0x0000000081800000, 0x0000000081800000, 0x0000000081900000|  0%| F|  |TAMS 0x0000000081800000, 0x0000000081800000| Untracked 
|   1|0x0000000081900000, 0x0000000081900000, 0x0000000081a00000|  0%| F|  |TAMS 0x0000000081900000, 0x0000000081900000| Untracked 
|   2|0x0000000081a00000, 0x0000000081a00000, 0x0000000081b00000|  0%| F|  |TAMS 0x0000000081a00000, 0x0000000081a00000| Untracked 
|   3|0x0000000081b00000, 0x0000000081b00000, 0x0000000081c00000|  0%| F|  |TAMS 0x0000000081b00000, 0x0000000081b00000| Untracked 
|   4|0x0000000081c00000, 0x0000000081c00000, 0x0000000081d00000|  0%| F|  |TAMS 0x0000000081c00000, 0x0000000081c00000| Untracked 
|   5|0x0000000081d00000, 0x0000000081d00000, 0x0000000081e00000|  0%| F|  |TAMS 0x0000000081d00000, 0x0000000081d00000| Untracked 
|   6|0x0000000081e00000, 0x0000000081e00000, 0x0000000081f00000|  0%| F|  |TAMS 0x0000000081e00000, 0x0000000081e00000| Untracked 
|   7|0x0000000081f00000, 0x0000000081f00000, 0x0000000082000000|  0%| F|  |TAMS 0x0000000081f00000, 0x0000000081f00000| Untracked 
|   8|0x0000000082000000, 0x0000000082000000, 0x0000000082100000|  0%| F|  |TAMS 0x0000000082000000, 0x0000000082000000| Untracked 
|   9|0x0000000082100000, 0x0000000082100000, 0x0000000082200000|  0%| F|  |TAMS 0x0000000082100000, 0x0000000082100000| Untracked 
|  10|0x0000000082200000, 0x0000000082200000, 0x0000000082300000|  0%| F|  |TAMS 0x0000000082200000, 0x0000000082200000| Untracked 
|  11|0x0000000082300000, 0x0000000082300000, 0x0000000082400000|  0%| F|  |TAMS 0x0000000082300000, 0x0000000082300000| Untracked 
|  12|0x0000000082400000, 0x0000000082400000, 0x0000000082500000|  0%| F|  |TAMS 0x0000000082400000, 0x0000000082400000| Untracked 
|  13|0x0000000082500000, 0x0000000082500000, 0x0000000082600000|  0%| F|  |TAMS 0x0000000082500000, 0x0000000082500000| Untracked 
|  14|0x0000000082600000, 0x0000000082600000, 0x0000000082700000|  0%| F|  |TAMS 0x0000000082600000, 0x0000000082600000| Untracked 
|  15|0x0000000082700000, 0x0000000082700000, 0x0000000082800000|  0%| F|  |TAMS 0x0000000082700000, 0x0000000082700000| Untracked 
|  16|0x0000000082800000, 0x0000000082800000, 0x0000000082900000|  0%| F|  |TAMS 0x0000000082800000, 0x0000000082800000| Untracked 
|  17|0x0000000082900000, 0x0000000082900000, 0x0000000082a00000|  0%| F|  |TAMS 0x0000000082900000, 0x0000000082900000| Untracked 
|  18|0x0000000082a00000, 0x0000000082a00000, 0x0000000082b00000|  0%| F|  |TAMS 0x0000000082a00000, 0x0000000082a00000| Untracked 
|  19|0x0000000082b00000, 0x0000000082b00000, 0x0000000082c00000|  0%| F|  |TAMS 0x0000000082b00000, 0x0000000082b00000| Untracked 
|  20|0x0000000082c00000, 0x0000000082c00000, 0x0000000082d00000|  0%| F|  |TAMS 0x0000000082c00000, 0x0000000082c00000| Untracked 
|  21|0x0000000082d00000, 0x0000000082d00000, 0x0000000082e00000|  0%| F|  |TAMS 0x0000000082d00000, 0x0000000082d00000| Untracked 
|  22|0x0000000082e00000, 0x0000000082e00000, 0x0000000082f00000|  0%| F|  |TAMS 0x0000000082e00000, 0x0000000082e00000| Untracked 
|  23|0x0000000082f00000, 0x0000000082f00000, 0x0000000083000000|  0%| F|  |TAMS 0x0000000082f00000, 0x0000000082f00000| Untracked 
|  24|0x0000000083000000, 0x0000000083000000, 0x0000000083100000|  0%| F|  |TAMS 0x0000000083000000, 0x0000000083000000| Untracked 
|  25|0x0000000083100000, 0x0000000083100000, 0x0000000083200000|  0%| F|  |TAMS 0x0000000083100000, 0x0000000083100000| Untracked 
|  26|0x0000000083200000, 0x0000000083200000, 0x0000000083300000|  0%| F|  |TAMS 0x0000000083200000, 0x0000000083200000| Untracked 
|  27|0x0000000083300000, 0x0000000083300000, 0x0000000083400000|  0%| F|  |TAMS 0x0000000083300000, 0x0000000083300000| Untracked 
|  28|0x0000000083400000, 0x0000000083400000, 0x0000000083500000|  0%| F|  |TAMS 0x0000000083400000, 0x0000000083400000| Untracked 
|  29|0x0000000083500000, 0x0000000083500000, 0x0000000083600000|  0%| F|  |TAMS 0x0000000083500000, 0x0000000083500000| Untracked 
|  30|0x0000000083600000, 0x0000000083600000, 0x0000000083700000|  0%| F|  |TAMS 0x0000000083600000, 0x0000000083600000| Untracked 
|  31|0x0000000083700000, 0x0000000083700000, 0x0000000083800000|  0%| F|  |TAMS 0x0000000083700000, 0x0000000083700000| Untracked 
|  32|0x0000000083800000, 0x0000000083800000, 0x0000000083900000|  0%| F|  |TAMS 0x0000000083800000, 0x0000000083800000| Untracked 
|  33|0x0000000083900000, 0x0000000083900000, 0x0000000083a00000|  0%| F|  |TAMS 0x0000000083900000, 0x0000000083900000| Untracked 
|  34|0x0000000083a00000, 0x0000000083a00000, 0x0000000083b00000|  0%| F|  |TAMS 0x0000000083a00000, 0x0000000083a00000| Untracked 
|  35|0x0000000083b00000, 0x0000000083b00000, 0x0000000083c00000|  0%| F|  |TAMS 0x0000000083b00000, 0x0000000083b00000| Untracked 
|  36|0x0000000083c00000, 0x0000000083c00000, 0x0000000083d00000|  0%| F|  |TAMS 0x0000000083c00000, 0x0000000083c00000| Untracked 
|  37|0x0000000083d00000, 0x0000000083d00000, 0x0000000083e00000|  0%| F|  |TAMS 0x0000000083d00000, 0x0000000083d00000| Untracked 
|  38|0x0000000083e00000, 0x0000000083e00000, 0x0000000083f00000|  0%| F|  |TAMS 0x0000000083e00000, 0x0000000083e00000| Untracked 
|  39|0x0000000083f00000, 0x0000000083f00000, 0x0000000084000000|  0%| F|  |TAMS 0x0000000083f00000, 0x0000000083f00000| Untracked 
|  40|0x0000000084000000, 0x0000000084000000, 0x0000000084100000|  0%| F|  |TAMS 0x0000000084000000, 0x0000000084000000| Untracked 
|  41|0x0000000084100000, 0x0000000084100000, 0x0000000084200000|  0%| F|  |TAMS 0x0000000084100000, 0x0000000084100000| Untracked 
|  42|0x0000000084200000, 0x0000000084200000, 0x0000000084300000|  0%| F|  |TAMS 0x0000000084200000, 0x0000000084200000| Untracked 
|  43|0x0000000084300000, 0x0000000084300000, 0x0000000084400000|  0%| F|  |TAMS 0x0000000084300000, 0x0000000084300000| Untracked 
|  44|0x0000000084400000, 0x0000000084400000, 0x0000000084500000|  0%| F|  |TAMS 0x0000000084400000, 0x0000000084400000| Untracked 
|  45|0x0000000084500000, 0x0000000084500000, 0x0000000084600000|  0%| F|  |TAMS 0x0000000084500000, 0x0000000084500000| Untracked 
|  46|0x0000000084600000, 0x0000000084600000, 0x0000000084700000|  0%| F|  |TAMS 0x0000000084600000, 0x0000000084600000| Untracked 
|  47|0x0000000084700000, 0x0000000084700000, 0x0000000084800000|  0%| F|  |TAMS 0x0000000084700000, 0x0000000084700000| Untracked 
|  48|0x0000000084800000, 0x0000000084800000, 0x0000000084900000|  0%| F|  |TAMS 0x0000000084800000, 0x0000000084800000| Untracked 
|  49|0x0000000084900000, 0x0000000084900000, 0x0000000084a00000|  0%| F|  |TAMS 0x0000000084900000, 0x0000000084900000| Untracked 
|  50|0x0000000084a00000, 0x0000000084a00000, 0x0000000084b00000|  0%| F|  |TAMS 0x0000000084a00000, 0x0000000084a00000| Untracked 
|  51|0x0000000084b00000, 0x0000000084b00000, 0x0000000084c00000|  0%| F|  |TAMS 0x0000000084b00000, 0x0000000084b00000| Untracked 
|  52|0x0000000084c00000, 0x0000000084c00000, 0x0000000084d00000|  0%| F|  |TAMS 0x0000000084c00000, 0x0000000084c00000| Untracked 
|  53|0x0000000084d00000, 0x0000000084d00000, 0x0000000084e00000|  0%| F|  |TAMS 0x0000000084d00000, 0x0000000084d00000| Untracked 
|  54|0x0000000084e00000, 0x0000000084e00000, 0x0000000084f00000|  0%| F|  |TAMS 0x0000000084e00000, 0x0000000084e00000| Untracked 
|  55|0x0000000084f00000, 0x0000000084f00000, 0x0000000085000000|  0%| F|  |TAMS 0x0000000084f00000, 0x0000000084f00000| Untracked 
|  56|0x0000000085000000, 0x0000000085000000, 0x0000000085100000|  0%| F|  |TAMS 0x0000000085000000, 0x0000000085000000| Untracked 
|  57|0x0000000085100000, 0x0000000085100000, 0x0000000085200000|  0%| F|  |TAMS 0x0000000085100000, 0x0000000085100000| Untracked 
|  58|0x0000000085200000, 0x0000000085200000, 0x0000000085300000|  0%| F|  |TAMS 0x0000000085200000, 0x0000000085200000| Untracked 
|  59|0x0000000085300000, 0x0000000085300000, 0x0000000085400000|  0%| F|  |TAMS 0x0000000085300000, 0x0000000085300000| Untracked 
|  60|0x0000000085400000, 0x0000000085400000, 0x0000000085500000|  0%| F|  |TAMS 0x0000000085400000, 0x0000000085400000| Untracked 
|  61|0x0000000085500000, 0x0000000085500000, 0x0000000085600000|  0%| F|  |TAMS 0x0000000085500000, 0x0000000085500000| Untracked 
|  62|0x0000000085600000, 0x0000000085600000, 0x0000000085700000|  0%| F|  |TAMS 0x0000000085600000, 0x0000000085600000| Untracked 
|  63|0x0000000085700000, 0x0000000085700000, 0x0000000085800000|  0%| F|  |TAMS 0x0000000085700000, 0x0000000085700000| Untracked 
|  64|0x0000000085800000, 0x0000000085800000, 0x0000000085900000|  0%| F|  |TAMS 0x0000000085800000, 0x0000000085800000| Untracked 
|  65|0x0000000085900000, 0x0000000085900000, 0x0000000085a00000|  0%| F|  |TAMS 0x0000000085900000, 0x0000000085900000| Untracked 
|  66|0x0000000085a00000, 0x0000000085a00000, 0x0000000085b00000|  0%| F|  |TAMS 0x0000000085a00000, 0x0000000085a00000| Untracked 
|  67|0x0000000085b00000, 0x0000000085b00000, 0x0000000085c00000|  0%| F|  |TAMS 0x0000000085b00000, 0x0000000085b00000| Untracked 
|  68|0x0000000085c00000, 0x0000000085c00000, 0x0000000085d00000|  0%| F|  |TAMS 0x0000000085c00000, 0x0000000085c00000| Untracked 
|  69|0x0000000085d00000, 0x0000000085d00000, 0x0000000085e00000|  0%| F|  |TAMS 0x0000000085d00000, 0x0000000085d00000| Untracked 
|  70|0x0000000085e00000, 0x0000000085e00000, 0x0000000085f00000|  0%| F|  |TAMS 0x0000000085e00000, 0x0000000085e00000| Untracked 
|  71|0x0000000085f00000, 0x0000000085f00000, 0x0000000086000000|  0%| F|  |TAMS 0x0000000085f00000, 0x0000000085f00000| Untracked 
|  72|0x0000000086000000, 0x0000000086000000, 0x0000000086100000|  0%| F|  |TAMS 0x0000000086000000, 0x0000000086000000| Untracked 
|  73|0x0000000086100000, 0x0000000086100000, 0x0000000086200000|  0%| F|  |TAMS 0x0000000086100000, 0x0000000086100000| Untracked 
|  74|0x0000000086200000, 0x0000000086200000, 0x0000000086300000|  0%| F|  |TAMS 0x0000000086200000, 0x0000000086200000| Untracked 
|  75|0x0000000086300000, 0x0000000086300000, 0x0000000086400000|  0%| F|  |TAMS 0x0000000086300000, 0x0000000086300000| Untracked 
|  76|0x0000000086400000, 0x0000000086400000, 0x0000000086500000|  0%| F|  |TAMS 0x0000000086400000, 0x0000000086400000| Untracked 
|  77|0x0000000086500000, 0x0000000086500000, 0x0000000086600000|  0%| F|  |TAMS 0x0000000086500000, 0x0000000086500000| Untracked 
|  78|0x0000000086600000, 0x0000000086600000, 0x0000000086700000|  0%| F|  |TAMS 0x0000000086600000, 0x0000000086600000| Untracked 
|  79|0x0000000086700000, 0x0000000086700000, 0x0000000086800000|  0%| F|  |TAMS 0x0000000086700000, 0x0000000086700000| Untracked 
|  80|0x0000000086800000, 0x0000000086800000, 0x0000000086900000|  0%| F|  |TAMS 0x0000000086800000, 0x0000000086800000| Untracked 
|  81|0x0000000086900000, 0x0000000086900000, 0x0000000086a00000|  0%| F|  |TAMS 0x0000000086900000, 0x0000000086900000| Untracked 
|  82|0x0000000086a00000, 0x0000000086a00000, 0x0000000086b00000|  0%| F|  |TAMS 0x0000000086a00000, 0x0000000086a00000| Untracked 
|  83|0x0000000086b00000, 0x0000000086b00000, 0x0000000086c00000|  0%| F|  |TAMS 0x0000000086b00000, 0x0000000086b00000| Untracked 
|  84|0x0000000086c00000, 0x0000000086c00000, 0x0000000086d00000|  0%| F|  |TAMS 0x0000000086c00000, 0x0000000086c00000| Untracked 
|  85|0x0000000086d00000, 0x0000000086d00000, 0x0000000086e00000|  0%| F|  |TAMS 0x0000000086d00000, 0x0000000086d00000| Untracked 
|  86|0x0000000086e00000, 0x0000000086e00000, 0x0000000086f00000|  0%| F|  |TAMS 0x0000000086e00000, 0x0000000086e00000| Untracked 
|  87|0x0000000086f00000, 0x0000000086f00000, 0x0000000087000000|  0%| F|  |TAMS 0x0000000086f00000, 0x0000000086f00000| Untracked 
|  88|0x0000000087000000, 0x0000000087000000, 0x0000000087100000|  0%| F|  |TAMS 0x0000000087000000, 0x0000000087000000| Untracked 
|  89|0x0000000087100000, 0x0000000087100000, 0x0000000087200000|  0%| F|  |TAMS 0x0000000087100000, 0x0000000087100000| Untracked 
|  90|0x0000000087200000, 0x0000000087200000, 0x0000000087300000|  0%| F|  |TAMS 0x0000000087200000, 0x0000000087200000| Untracked 
|  91|0x0000000087300000, 0x0000000087300000, 0x0000000087400000|  0%| F|  |TAMS 0x0000000087300000, 0x0000000087300000| Untracked 
|  92|0x0000000087400000, 0x0000000087400000, 0x0000000087500000|  0%| F|  |TAMS 0x0000000087400000, 0x0000000087400000| Untracked 
|  93|0x0000000087500000, 0x0000000087500000, 0x0000000087600000|  0%| F|  |TAMS 0x0000000087500000, 0x0000000087500000| Untracked 
|  94|0x0000000087600000, 0x0000000087600000, 0x0000000087700000|  0%| F|  |TAMS 0x0000000087600000, 0x0000000087600000| Untracked 
|  95|0x0000000087700000, 0x0000000087700000, 0x0000000087800000|  0%| F|  |TAMS 0x0000000087700000, 0x0000000087700000| Untracked 
|  96|0x0000000087800000, 0x0000000087800000, 0x0000000087900000|  0%| F|  |TAMS 0x0000000087800000, 0x0000000087800000| Untracked 
|  97|0x0000000087900000, 0x0000000087900000, 0x0000000087a00000|  0%| F|  |TAMS 0x0000000087900000, 0x0000000087900000| Untracked 
|  98|0x0000000087a00000, 0x0000000087a00000, 0x0000000087b00000|  0%| F|  |TAMS 0x0000000087a00000, 0x0000000087a00000| Untracked 
|  99|0x0000000087b00000, 0x0000000087b00000, 0x0000000087c00000|  0%| F|  |TAMS 0x0000000087b00000, 0x0000000087b00000| Untracked 
| 100|0x0000000087c00000, 0x0000000087c00000, 0x0000000087d00000|  0%| F|  |TAMS 0x0000000087c00000, 0x0000000087c00000| Untracked 
| 101|0x0000000087d00000, 0x0000000087d00000, 0x0000000087e00000|  0%| F|  |TAMS 0x0000000087d00000, 0x0000000087d00000| Untracked 
| 102|0x0000000087e00000, 0x0000000087e00000, 0x0000000087f00000|  0%| F|  |TAMS 0x0000000087e00000, 0x0000000087e00000| Untracked 
| 103|0x0000000087f00000, 0x0000000087f00000, 0x0000000088000000|  0%| F|  |TAMS 0x0000000087f00000, 0x0000000087f00000| Untracked 
| 104|0x0000000088000000, 0x0000000088000000, 0x0000000088100000|  0%| F|  |TAMS 0x0000000088000000, 0x0000000088000000| Untracked 
| 105|0x0000000088100000, 0x0000000088100000, 0x0000000088200000|  0%| F|  |TAMS 0x0000000088100000, 0x0000000088100000| Untracked 
| 106|0x0000000088200000, 0x0000000088200000, 0x0000000088300000|  0%| F|  |TAMS 0x0000000088200000, 0x0000000088200000| Untracked 
| 107|0x0000000088300000, 0x0000000088300000, 0x0000000088400000|  0%| F|  |TAMS 0x0000000088300000, 0x0000000088300000| Untracked 
| 108|0x0000000088400000, 0x0000000088400000, 0x0000000088500000|  0%| F|  |TAMS 0x0000000088400000, 0x0000000088400000| Untracked 
| 109|0x0000000088500000, 0x0000000088500000, 0x0000000088600000|  0%| F|  |TAMS 0x0000000088500000, 0x0000000088500000| Untracked 
| 110|0x0000000088600000, 0x0000000088600000, 0x0000000088700000|  0%| F|  |TAMS 0x0000000088600000, 0x0000000088600000| Untracked 
| 111|0x0000000088700000, 0x0000000088700000, 0x0000000088800000|  0%| F|  |TAMS 0x0000000088700000, 0x0000000088700000| Untracked 
| 112|0x0000000088800000, 0x0000000088800000, 0x0000000088900000|  0%| F|  |TAMS 0x0000000088800000, 0x0000000088800000| Untracked 
| 113|0x0000000088900000, 0x0000000088900000, 0x0000000088a00000|  0%| F|  |TAMS 0x0000000088900000, 0x0000000088900000| Untracked 
| 114|0x0000000088a00000, 0x0000000088a00000, 0x0000000088b00000|  0%| F|  |TAMS 0x0000000088a00000, 0x0000000088a00000| Untracked 
| 115|0x0000000088b00000, 0x0000000088b00000, 0x0000000088c00000|  0%| F|  |TAMS 0x0000000088b00000, 0x0000000088b00000| Untracked 
| 116|0x0000000088c00000, 0x0000000088c00000, 0x0000000088d00000|  0%| F|  |TAMS 0x0000000088c00000, 0x0000000088c00000| Untracked 
| 117|0x0000000088d00000, 0x0000000088d00000, 0x0000000088e00000|  0%| F|  |TAMS 0x0000000088d00000, 0x0000000088d00000| Untracked 
| 118|0x0000000088e00000, 0x0000000088e00000, 0x0000000088f00000|  0%| F|  |TAMS 0x0000000088e00000, 0x0000000088e00000| Untracked 
| 119|0x0000000088f00000, 0x0000000088f00000, 0x0000000089000000|  0%| F|  |TAMS 0x0000000088f00000, 0x0000000088f00000| Untracked 
| 120|0x0000000089000000, 0x0000000089000000, 0x0000000089100000|  0%| F|  |TAMS 0x0000000089000000, 0x0000000089000000| Untracked 
| 121|0x0000000089100000, 0x0000000089100000, 0x0000000089200000|  0%| F|  |TAMS 0x0000000089100000, 0x0000000089100000| Untracked 
| 122|0x0000000089200000, 0x0000000089200000, 0x0000000089300000|  0%| F|  |TAMS 0x0000000089200000, 0x0000000089200000| Untracked 
| 123|0x0000000089300000, 0x0000000089300000, 0x0000000089400000|  0%| F|  |TAMS 0x0000000089300000, 0x0000000089300000| Untracked 
| 124|0x0000000089400000, 0x0000000089500000, 0x0000000089500000|100%| E|  |TAMS 0x0000000089400000, 0x0000000089400000| Complete 
| 125|0x0000000089500000, 0x0000000089600000, 0x0000000089600000|100%| E|CS|TAMS 0x0000000089500000, 0x0000000089500000| Complete 
| 126|0x0000000089600000, 0x0000000089700000, 0x0000000089700000|100%| E|CS|TAMS 0x0000000089600000, 0x0000000089600000| Complete 
| 127|0x0000000089700000, 0x0000000089800000, 0x0000000089800000|100%| E|CS|TAMS 0x0000000089700000, 0x0000000089700000| Complete 

Card table byte_map: [0x000002057d9f0000,0x000002057ddf0000] _byte_map_base: 0x000002057d5e4000

Marking Bits (Prev, Next): (CMBitMap*) 0x000002056af83c30, (CMBitMap*) 0x000002056af83c70
 Prev Bits: [0x0000020500000000, 0x0000020501fa0000)
 Next Bits: [0x0000020501fa0000, 0x0000020503f40000)

Polling page: 0x0000020568d40000

Metaspace:

Usage:
  Non-class:      6.06 MB used.
      Class:    556.98 KB used.
       Both:      6.60 MB used.

Virtual space:
  Non-class space:        8.00 MB reserved,       6.06 MB ( 76%) committed,  1 nodes.
      Class space:        1.00 GB reserved,     640.00 KB ( <1%) committed,  1 nodes.
             Both:        1.01 GB reserved,       6.69 MB ( <1%) committed. 

Chunk freelists:
   Non-Class:  1.00 MB
       Class:  3.23 MB
        Both:  4.23 MB

MaxMetaspaceSize: unlimited
CompressedClassSpaceSize: 1.00 GB
Initial GC threshold: 21.00 MB
Current GC threshold: 21.00 MB
CDS: off
MetaspaceReclaimPolicy: balanced
 - commit_granule_bytes: 65536.
 - commit_granule_words: 8192.
 - virtual_space_node_default_size: 1048576.
 - enlarge_chunks_in_place: 1.
 - new_chunks_are_fully_committed: 0.
 - uncommit_free_chunks: 1.
 - use_allocation_guard: 0.
 - handle_deallocations: 1.


Internal statistics:

num_allocs_failed_limit: 0.
num_arena_births: 8.
num_arena_deaths: 0.
num_vsnodes_births: 2.
num_vsnodes_deaths: 0.
num_space_committed: 107.
num_space_uncommitted: 0.
num_chunks_returned_to_freelist: 0.
num_chunks_taken_from_freelist: 39.
num_chunk_merges: 0.
num_chunk_splits: 19.
num_chunks_enlarged: 13.
num_purges: 0.
num_inconsistent_stats: 0.

CodeHeap 'non-profiled nmethods': size=120000Kb used=110Kb max_used=110Kb free=119889Kb
 bounds [0x00000205760c0000, 0x0000020576330000, 0x000002057d5f0000]
CodeHeap 'profiled nmethods': size=120000Kb used=471Kb max_used=471Kb free=119528Kb
 bounds [0x000002056eb90000, 0x000002056ee00000, 0x00000205760c0000]
CodeHeap 'non-nmethods': size=5760Kb used=1101Kb max_used=1117Kb free=4658Kb
 bounds [0x000002056e5f0000, 0x000002056e860000, 0x000002056eb90000]
 total_blobs=699 nmethods=323 adapters=289
 compilation: enabled
              stopped_count=0, restarted_count=0
 full_count=0

Compilation events (20 events):
Event: 0.381 Thread 0x000002057f118b50 nmethod 311 0x000002056ec02c90 code [0x000002056ec02e40, 0x000002056ec03058]
Event: 0.383 Thread 0x000002057f118b50  313       1       java.nio.Buffer::limit (5 bytes)
Event: 0.383 Thread 0x000002057f118b50 nmethod 313 0x00000205760da510 code [0x00000205760da6a0, 0x00000205760da778]
Event: 0.384 Thread 0x000002057f350a90 nmethod 310% 0x00000205760da810 code [0x00000205760da9a0, 0x00000205760dad58]
Event: 0.384 Thread 0x000002057f118b50  314       3       java.nio.Buffer::scope (17 bytes)
Event: 0.384 Thread 0x000002057f116a60  317       4       java.lang.ref.Reference::reachabilityFence (1 bytes)
Event: 0.384 Thread 0x000002057f118b50 nmethod 314 0x000002056ec03210 code [0x000002056ec033c0, 0x000002056ec03568]
Event: 0.384 Thread 0x000002057f118b50  315       3       java.nio.Buffer::checkIndex (22 bytes)
Event: 0.384 Thread 0x000002057f118b50 nmethod 315 0x000002056ec03610 code [0x000002056ec037c0, 0x000002056ec039c8]
Event: 0.384 Thread 0x000002057f118b50  316       3       java.util.Optional::orElse (16 bytes)
Event: 0.384 Thread 0x000002057f116a60 nmethod 317 0x00000205760db010 code [0x00000205760db180, 0x00000205760db1d8]
Event: 0.385 Thread 0x000002057f118b50 nmethod 316 0x000002056ec03a90 code [0x000002056ec03c20, 0x000002056ec03d98]
Event: 0.385 Thread 0x000002057f118b50  318   !   3       java.nio.DirectByteBuffer::get (34 bytes)
Event: 0.385 Thread 0x000002057f118b50 nmethod 318 0x000002056ec03e10 code [0x000002056ec04040, 0x000002056ec04858]
Event: 0.385 Thread 0x000002057f118b50  319       3       java.nio.DirectByteBuffer::ix (10 bytes)
Event: 0.385 Thread 0x000002057f118b50 nmethod 319 0x000002056ec04d10 code [0x000002056ec04ea0, 0x000002056ec04fb8]
Event: 0.385 Thread 0x000002057f118b50  320   !   3       jdk.internal.misc.ScopedMemoryAccess::getByte (20 bytes)
Event: 0.385 Thread 0x000002057f118b50 nmethod 320 0x000002056ec05090 code [0x000002056ec05260, 0x000002056ec056d8]
Event: 0.386 Thread 0x000002057f118b50  321   !   3       jdk.internal.misc.ScopedMemoryAccess::getByteInternal (36 bytes)
Event: 0.386 Thread 0x000002057f118b50 nmethod 321 0x000002056ec05910 code [0x000002056ec05ac0, 0x000002056ec05d28]

GC Heap History (0 events):
No events

Deoptimization events (4 events):
Event: 0.276 Thread 0x000002056af27530 Uncommon trap: trap_request=0xffffff45 fr.pc=0x00000205760ca34c relative=0x00000000000004cc
Event: 0.276 Thread 0x000002056af27530 Uncommon trap: reason=unstable_if action=reinterpret pc=0x00000205760ca34c method=java.lang.String.regionMatches(ZILjava/lang/String;II)Z @ 36 c2
Event: 0.276 Thread 0x000002056af27530 DEOPT PACKING pc=0x00000205760ca34c sp=0x00000021d74febf0
Event: 0.276 Thread 0x000002056af27530 DEOPT UNPACKING pc=0x000002056e6423a3 sp=0x00000021d74feb98 mode 2

Classes unloaded (0 events):
No events

Classes redefined (0 events):
No events

Internal exceptions (1 events):
Event: 0.375 Thread 0x000002056af27530 Exception <a 'java/lang/NullPointerException'{0x00000000894bebd0}> (0x00000000894bebd0) 
thrown [s\src\hotspot\share\interpreter\linkResolver.cpp, line 1350]

VM Operations (6 events):
Event: 0.207 Executing VM operation: HandshakeAllThreads
Event: 0.207 Executing VM operation: HandshakeAllThreads done
Event: 0.373 Executing VM operation: HandshakeAllThreads
Event: 0.373 Executing VM operation: HandshakeAllThreads done
Event: 0.387 Executing VM operation: HandshakeAllThreads
Event: 0.387 Executing VM operation: HandshakeAllThreads done

Events (20 events):
Event: 0.383 loading class jdk/internal/jimage/ImageStringsReader
Event: 0.383 loading class jdk/internal/jimage/ImageStrings
Event: 0.383 loading class jdk/internal/jimage/ImageStrings done
Event: 0.383 loading class jdk/internal/jimage/ImageStringsReader done
Event: 0.383 loading class jdk/internal/jimage/decompressor/Decompressor
Event: 0.384 loading class jdk/internal/jimage/decompressor/Decompressor done
Event: 0.384 loading class jdk/internal/jimage/ImageLocation
Event: 0.384 loading class jdk/internal/jimage/ImageLocation done
Event: 0.385 loading class java/net/URLClassLoader$2
Event: 0.385 loading class java/net/URLClassLoader$2 done
Event: 0.386 loading class sun/net/www/protocol/jar/JarURLConnection
Event: 0.386 loading class java/net/JarURLConnection
Event: 0.386 loading class java/net/JarURLConnection done
Event: 0.386 loading class sun/net/www/protocol/jar/JarURLConnection done
Event: 0.386 loading class sun/net/www/protocol/jar/JarFileFactory
Event: 0.386 loading class sun/net/www/protocol/jar/URLJarFile$URLJarFileCloseController
Event: 0.386 loading class sun/net/www/protocol/jar/URLJarFile$URLJarFileCloseController done
Event: 0.386 loading class sun/net/www/protocol/jar/JarFileFactory done
Event: 0.386 loading class sun/net/www/protocol/jar/URLJarFile
Event: 0.387 loading class sun/net/www/protocol/jar/URLJarFile done


Dynamic libraries:
0x00007ff79e510000 - 0x00007ff79e51e000 	C:\Users\geeth\Downloads\sts-4.16.1.RELEASE\plugins\org.eclipse.justj.openjdk.hotspot.jre.full.win32.x86_64_17.0.4.v20221004-1257\jre\bin\javaw.exe
0x00007ffcb2290000 - 0x00007ffcb2488000 	C:\WINDOWS\SYSTEM32\ntdll.dll
0x00007ffc7bee0000 - 0x00007ffc7bef7000 	C:\Program Files\Avast Software\Avast\aswhook.dll
0x00007ffcb15e0000 - 0x00007ffcb169f000 	C:\WINDOWS\System32\KERNEL32.DLL
0x00007ffcafed0000 - 0x00007ffcb01a2000 	C:\WINDOWS\System32\KERNELBASE.dll
0x00007ffcafaf0000 - 0x00007ffcafbf0000 	C:\WINDOWS\System32\ucrtbase.dll
0x00007ffc929f0000 - 0x00007ffc92a08000 	C:\Users\geeth\Downloads\sts-4.16.1.RELEASE\plugins\org.eclipse.justj.openjdk.hotspot.jre.full.win32.x86_64_17.0.4.v20221004-1257\jre\bin\jli.dll
0x00007ffc8b500000 - 0x00007ffc8b519000 	C:\Users\geeth\Downloads\sts-4.16.1.RELEASE\plugins\org.eclipse.justj.openjdk.hotspot.jre.full.win32.x86_64_17.0.4.v20221004-1257\jre\bin\VCRUNTIME140.dll
0x00007ffcb12e0000 - 0x00007ffcb1481000 	C:\WINDOWS\System32\USER32.dll
0x00007ffc906e0000 - 0x00007ffc9097a000 	C:\WINDOWS\WinSxS\amd64_microsoft.windows.common-controls_6595b64144ccf1df_6.0.19041.1110_none_60b5254171f9507e\COMCTL32.dll
0x00007ffcb1970000 - 0x00007ffcb1a0e000 	C:\WINDOWS\System32\msvcrt.dll
0x00007ffcaf980000 - 0x00007ffcaf9a2000 	C:\WINDOWS\System32\win32u.dll
0x00007ffcb1a10000 - 0x00007ffcb1a3b000 	C:\WINDOWS\System32\GDI32.dll
0x00007ffcaf9b0000 - 0x00007ffcafabf000 	C:\WINDOWS\System32\gdi32full.dll
0x00007ffcafbf0000 - 0x00007ffcafc8d000 	C:\WINDOWS\System32\msvcp_win.dll
0x00007ffcb0c00000 - 0x00007ffcb0c32000 	C:\WINDOWS\System32\IMM32.DLL
0x00007ffca79a0000 - 0x00007ffca79ac000 	C:\Users\geeth\Downloads\sts-4.16.1.RELEASE\plugins\org.eclipse.justj.openjdk.hotspot.jre.full.win32.x86_64_17.0.4.v20221004-1257\jre\bin\vcruntime140_1.dll
0x00007ffc8a8a0000 - 0x00007ffc8a931000 	C:\Users\geeth\Downloads\sts-4.16.1.RELEASE\plugins\org.eclipse.justj.openjdk.hotspot.jre.full.win32.x86_64_17.0.4.v20221004-1257\jre\bin\msvcp140.dll
0x00007ffc61040000 - 0x00007ffc61c86000 	C:\Users\geeth\Downloads\sts-4.16.1.RELEASE\plugins\org.eclipse.justj.openjdk.hotspot.jre.full.win32.x86_64_17.0.4.v20221004-1257\jre\bin\server\jvm.dll
0x00007ffcb02d0000 - 0x00007ffcb037e000 	C:\WINDOWS\System32\ADVAPI32.dll
0x00007ffcb1240000 - 0x00007ffcb12dc000 	C:\WINDOWS\System32\sechost.dll
0x00007ffcb0ad0000 - 0x00007ffcb0bf5000 	C:\WINDOWS\System32\RPCRT4.dll
0x00007ffcb1760000 - 0x00007ffcb1768000 	C:\WINDOWS\System32\PSAPI.DLL
0x00007ffc8fdc0000 - 0x00007ffc8fde7000 	C:\WINDOWS\SYSTEM32\WINMM.dll
0x00007ffc9e830000 - 0x00007ffc9e839000 	C:\WINDOWS\SYSTEM32\WSOCK32.dll
0x00007ffcb1570000 - 0x00007ffcb15db000 	C:\WINDOWS\System32\WS2_32.dll
0x00007ffca6330000 - 0x00007ffca633a000 	C:\WINDOWS\SYSTEM32\VERSION.dll
0x00007ffcae1d0000 - 0x00007ffcae1e2000 	C:\WINDOWS\SYSTEM32\kernel.appcore.dll
0x00007ffca80e0000 - 0x00007ffca80ea000 	C:\Users\geeth\Downloads\sts-4.16.1.RELEASE\plugins\org.eclipse.justj.openjdk.hotspot.jre.full.win32.x86_64_17.0.4.v20221004-1257\jre\bin\jimage.dll
0x00007ffcac740000 - 0x00007ffcac924000 	C:\WINDOWS\SYSTEM32\DBGHELP.DLL
0x00007ffca0e30000 - 0x00007ffca0e65000 	C:\WINDOWS\SYSTEM32\dbgcore.DLL
0x00007ffcafce0000 - 0x00007ffcafd62000 	C:\WINDOWS\System32\bcryptPrimitives.dll
0x00007ffc8c800000 - 0x00007ffc8c825000 	C:\Users\geeth\Downloads\sts-4.16.1.RELEASE\plugins\org.eclipse.justj.openjdk.hotspot.jre.full.win32.x86_64_17.0.4.v20221004-1257\jre\bin\java.dll
0x00007ffca7d70000 - 0x00007ffca7d88000 	C:\Users\geeth\Downloads\sts-4.16.1.RELEASE\plugins\org.eclipse.justj.openjdk.hotspot.jre.full.win32.x86_64_17.0.4.v20221004-1257\jre\bin\zip.dll
0x00007ffcb0380000 - 0x00007ffcb0ac4000 	C:\WINDOWS\System32\SHELL32.dll
0x00007ffcacf60000 - 0x00007ffcad6f2000 	C:\WINDOWS\SYSTEM32\windows.storage.dll
0x00007ffcb1a40000 - 0x00007ffcb1d95000 	C:\WINDOWS\System32\combase.dll
0x00007ffcaf300000 - 0x00007ffcaf330000 	C:\WINDOWS\SYSTEM32\Wldp.dll
0x00007ffcb16b0000 - 0x00007ffcb175d000 	C:\WINDOWS\System32\SHCORE.dll
0x00007ffcb0c40000 - 0x00007ffcb0c95000 	C:\WINDOWS\System32\shlwapi.dll
0x00007ffcaf8c0000 - 0x00007ffcaf8df000 	C:\WINDOWS\SYSTEM32\profapi.dll
0x00007ffc95480000 - 0x00007ffc95499000 	C:\Users\geeth\Downloads\sts-4.16.1.RELEASE\plugins\org.eclipse.justj.openjdk.hotspot.jre.full.win32.x86_64_17.0.4.v20221004-1257\jre\bin\net.dll
0x00007ffca0c20000 - 0x00007ffca0d2c000 	C:\WINDOWS\SYSTEM32\WINHTTP.dll
0x00007ffcaf060000 - 0x00007ffcaf0ca000 	C:\WINDOWS\system32\mswsock.dll
0x00007ffc92ef0000 - 0x00007ffc92f05000 	C:\Users\geeth\Downloads\sts-4.16.1.RELEASE\plugins\org.eclipse.justj.openjdk.hotspot.jre.full.win32.x86_64_17.0.4.v20221004-1257\jre\bin\nio.dll

dbghelp: loaded successfully - version: 4.0.5 - missing functions: none
symbol engine: initialized successfully - sym options: 0x614 - pdb path: .;C:\Users\geeth\Downloads\sts-4.16.1.RELEASE\plugins\org.eclipse.justj.openjdk.hotspot.jre.full.win32.x86_64_17.0.4.v20221004-1257\jre\bin;C:\WINDOWS\SYSTEM32;C:\Program Files\Avast Software\Avast;C:\WINDOWS\WinSxS\amd64_microsoft.windows.common-controls_6595b64144ccf1df_6.0.19041.1110_none_60b5254171f9507e;C:\Users\geeth\Downloads\sts-4.16.1.RELEASE\plugins\org.eclipse.justj.openjdk.hotspot.jre.full.win32.x86_64_17.0.4.v20221004-1257\jre\bin\server

VM Arguments:
jvm_args: -Dmaven.home=EMBEDDED -Dclassworlds.conf=C:\Users\geeth\Documents\workspace-spring-tool-suite-4-4.16.1.RELEASE\.metadata\.plugins\org.eclipse.m2e.launching\launches\m2conf12256488840292250691.tmp -Dmaven.multiModuleProjectDirectory=C:\Users\geeth\Documents\workspace-spring-tool-suite-4-4.16.1.RELEASE\Car-service -Dfile.encoding=UTF-8 -XX:+ShowCodeDetailsInExceptionMessages 
java_command: org.codehaus.plexus.classworlds.launcher.Launcher -Ppom.xml -B -Dstyle.color=always clean
java_class_path (initial): C:\Users\geeth\Downloads\sts-4.16.1.RELEASE\plugins\org.eclipse.m2e.maven.runtime_3.8.601.20220820-1147\jars\plexus-classworlds-2.6.0.jar
Launcher Type: SUN_STANDARD

[Global flags]
     intx CICompilerCount                          = 3                                         {product} {ergonomic}
     uint ConcGCThreads                            = 1                                         {product} {ergonomic}
     uint G1ConcRefinementThreads                  = 4                                         {product} {ergonomic}
   size_t G1HeapRegionSize                         = 1048576                                   {product} {ergonomic}
    uintx GCDrainStackTargetSize                   = 64                                        {product} {ergonomic}
   size_t InitialHeapSize                          = 134217728                                 {product} {ergonomic}
   size_t MarkStackSize                            = 4194304                                   {product} {ergonomic}
   size_t MaxHeapSize                              = 2122317824                                {product} {ergonomic}
   size_t MaxNewSize                               = 1272971264                                {product} {ergonomic}
   size_t MinHeapDeltaBytes                        = 1048576                                   {product} {ergonomic}
   size_t MinHeapSize                              = 8388608                                   {product} {ergonomic}
    uintx NonNMethodCodeHeapSize                   = 5832780                                {pd product} {ergonomic}
    uintx NonProfiledCodeHeapSize                  = 122912730                              {pd product} {ergonomic}
    uintx ProfiledCodeHeapSize                     = 122912730                              {pd product} {ergonomic}
    uintx ReservedCodeCacheSize                    = 251658240                              {pd product} {ergonomic}
     bool SegmentedCodeCache                       = true                                      {product} {ergonomic}
     bool ShowCodeDetailsInExceptionMessages       = true                                   {manageable} {command line}
   size_t SoftMaxHeapSize                          = 2122317824                             {manageable} {ergonomic}
     bool UseCompressedClassPointers               = true                           {product lp64_product} {ergonomic}
     bool UseCompressedOops                        = true                           {product lp64_product} {ergonomic}
     bool UseG1GC                                  = true                                      {product} {ergonomic}
     bool UseLargePagesIndividualAllocation        = false                                  {pd product} {ergonomic}

Logging:
Log output configuration:
 #0: stdout all=warning uptime,level,tags
 #1: stderr all=off uptime,level,tags

Environment Variables:
JAVA_HOME=C:\Program Files\Java\jdk1.8.0_162
PATH=C:/Users/geeth/Downloads/sts-4.16.1.RELEASE//plugins/org.eclipse.justj.openjdk.hotspot.jre.full.win32.x86_64_17.0.4.v20221004-1257/jre/bin/server;C:/Users/geeth/Downloads/sts-4.16.1.RELEASE//plugins/org.eclipse.justj.openjdk.hotspot.jre.full.win32.x86_64_17.0.4.v20221004-1257/jre/bin;C:\Program Files\Common Files\Oracle\Java\javapath;C:\Program Files (x86)\Common Files\Oracle\Java\javapath;C:\ProgramData\Oracle\Java\javapath;C:\WINDOWS\system32;C:\WINDOWS;C:\WINDOWS\System32\Wbem;C:\WINDOWS\System32\WindowsPowerShell\v1.0\;C:\Program Files\Java\jdk1.8.0_162\bin;C:\Program Files (x86)\MiKTeX 2.9\miktex\bin\;C:\WINDOWS\System32\OpenSSH\;C:\Users\geeth\AppData\Local\Programs\Python\Python38;C:\Users\geeth\AppData\Local\Programs\Python\Python38\Scripts;C:\Program Files\nodejs\;c:\Program Files (x86)\Intel\Intel(R) Management Engine Components\DAL;c:\Program Files\Intel\Intel(R) Management Engine Components\DAL;C:\Program Files\Git\cmd;C:\Program Files\Microsoft VS Code\bin;C:\Users\geeth\scoop\shims;C:\Users\geeth\AppData\Local\Programs\Python\Python38\Scripts\;C:\Users\geeth\AppData\Local\Programs\Python\Python38\;C:\Users\geeth\AppData\Local\Microsoft\WindowsApps;C:\Users\geeth\AppData\Roaming\Dashlane\6.1.0.11480\bin\Firefox_Extension\{442718d9-475e-452a-b3e1-fb1ee16b8e9f}\components;C:\Users\geeth\AppData\Roaming\Dashlane\6.1.0.11480\ucrt;C:\Users\geeth\AppData\Roaming\Dashlane\6.1.0.11480\bin\Qt;C:\Users\geeth\AppData\Roaming\Dashlane\6.1.0.11480\bin\Ssl;C:\Program Files\JetBrains\PyCharm 2019.3.2\bin;C:\Program Files\JetBrains\PyCharm Community Edition 2020.2\bin;C:\Program Files (x86)\Java\jdk1.7.0_11\bin;C:\Program Files\JetBrains\IntelliJ IDEA Community Edition 2020.3.2\bin;C:\Users\geeth\AppData\Local\Microsoft\WindowsApps;C:\Users\geeth\AppData\Roaming\npm;C:\Users\geeth\AppData\Local\GitHubDesktop\bin;C:\Program Files\JetBrains\IntelliJ IDEA Community Edition 2022.2.4\bin;;C:\Program Files\Maven\apache-maven-3.8.7\bin;;C:\WINDOWS\system32;
USERNAME=geeth
OS=Windows_NT
PROCESSOR_IDENTIFIER=Intel64 Family 6 Model 142 Stepping 9, GenuineIntel
TMP=C:\Users\geeth\AppData\Local\Temp
TEMP=C:\Users\geeth\AppData\Local\Temp



---------------  S Y S T E M  ---------------

OS:
 Windows 10 , 64 bit Build 19041 (10.0.19041.2364)
OS uptime: 0 days 0:40 hours

CPU: total 4 (initial active 4) (2 cores per cpu, 2 threads per core) family 6 model 142 stepping 9 microcode 0xc6, cx8, cmov, fxsr, ht, mmx, 3dnowpref, sse, sse2, sse3, ssse3, sse4.1, sse4.2, popcnt, lzcnt, tsc, tscinvbit, avx, avx2, aes, erms, clmul, bmi1, bmi2, adx, fma, vzeroupper, clflush, clflushopt

Memory: 4k page, system-wide physical 8095M (607M free)
TotalPageFile size 8095M (AvailPageFile size 5M)
current process WorkingSet (physical memory assigned to process): 40M, peak: 40M
current process commit charge ("private bytes"): 201M, peak: 201M

vm_info: OpenJDK 64-Bit Server VM (17.0.4.1+1) for windows-amd64 JRE (17.0.4.1+1), built on Aug 17 2022 07:42:43 by "temurin" with MS VC++ 16.7 (VS2019)

END.
