#
# There is insufficient memory for the Java Runtime Environment to continue.
# Native memory allocation (mmap) failed to map 134217728 bytes for G1 virtual space
# Possible reasons:
#   The system is out of physical RAM or swap space
#   The process is running with CompressedOops enabled, and the Java Heap may be blocking the growth of the native heap
# Possible solutions:
#   Reduce memory load on the system
#   Increase physical memory or swap space
#   Check if swap backing store is full
#   Decrease Java heap size (-Xmx/-Xms)
#   Decrease number of Java threads
#   Decrease Java thread stack sizes (-Xss)
#   Set larger code cache with -XX:ReservedCodeCacheSize=
#   JVM is running with Unscaled Compressed Oops mode in which the Java heap is
#     placed in the first 4GB address space. The Java Heap base address is the
#     maximum limit for the native heap growth. Please use -XX:HeapBaseMinAddress
#     to set the Java Heap base and to place the Java Heap above 4GB virtual address.
# This output file may be truncated or incomplete.
#
#  Out of Memory Error (os_windows.cpp:3541), pid=13664, tid=4612
#
# JRE version:  (17.0.4.1+1) (build )
# Java VM: OpenJDK 64-Bit Server VM (17.0.4.1+1, mixed mode, sharing, tiered, compressed oops, compressed class ptrs, g1 gc, windows-amd64)
# No core dump will be written. Minidumps are not enabled by default on client versions of Windows
#

---------------  S U M M A R Y ------------

Command Line: -Dmaven.home=EMBEDDED -Dclassworlds.conf=C:\Users\geeth\Documents\workspace-spring-tool-suite-4-4.16.1.RELEASE\.metadata\.plugins\org.eclipse.m2e.launching\launches\m2conf11409290428515525734.tmp -Dmaven.multiModuleProjectDirectory=C:\Users\geeth\Documents\workspace-spring-tool-suite-4-4.16.1.RELEASE\Car-service -Dfile.encoding=UTF-8 -XX:+ShowCodeDetailsInExceptionMessages org.codehaus.plexus.classworlds.launcher.Launcher -Ppom.xml -B -Dstyle.color=always install

Host: Intel(R) Core(TM) i5-7200U CPU @ 2.50GHz, 4 cores, 7G,  Windows 10 , 64 bit Build 19041 (10.0.19041.2364)
Time: Mon Jan  2 14:44:51 2023 India Standard Time elapsed time: 0.043058 seconds (0d 0h 0m 0s)

---------------  T H R E A D  ---------------

Current thread (0x000001ae63038880):  JavaThread "Unknown thread" [_thread_in_vm, id=4612, stack(0x0000005363100000,0x0000005363200000)]

Stack: [0x0000005363100000,0x0000005363200000]
Native frames: (J=compiled Java code, j=interpreted, Vv=VM code, C=native code)
V  [jvm.dll+0x67731a]
V  [jvm.dll+0x832284]
V  [jvm.dll+0x833a2e]
V  [jvm.dll+0x834093]
V  [jvm.dll+0x245775]
V  [jvm.dll+0x674209]
V  [jvm.dll+0x668a92]
V  [jvm.dll+0x30471b]
V  [jvm.dll+0x30bc66]
V  [jvm.dll+0x35ba9e]
V  [jvm.dll+0x35bccf]
V  [jvm.dll+0x2db5b8]
V  [jvm.dll+0x2dc524]
V  [jvm.dll+0x803db1]
V  [jvm.dll+0x3698f1]
V  [jvm.dll+0x7e31bc]
V  [jvm.dll+0x3ec25f]
V  [jvm.dll+0x3edde1]
C  [jli.dll+0x5277]
C  [ucrtbase.dll+0x21bb2]
C  [KERNEL32.DLL+0x17614]
C  [ntdll.dll+0x526a1]


---------------  P R O C E S S  ---------------

Threads class SMR info:
_java_thread_list=0x00007fff01164e98, length=0, elements={
}

Java Threads: ( => current thread )

Other Threads:
  0x000001ae63093890 GCTaskThread "GC Thread#0" [stack: 0x0000005363200000,0x0000005363300000] [id=1672]
  0x000001ae630a54e0 ConcurrentGCThread "G1 Main Marker" [stack: 0x0000005363300000,0x0000005363400000] [id=8072]
  0x000001ae630a6690 ConcurrentGCThread "G1 Conc#0" [stack: 0x0000005363400000,0x0000005363500000] [id=10632]

[error occurred during error reporting (printing all threads), id 0xc0000005, EXCEPTION_ACCESS_VIOLATION (0xc0000005) at pc=0x00007fff0093c047]

VM state: not at safepoint (not fully initialized)

VM Mutex/Monitor currently owned by a thread:  ([mutex/lock_event])
[0x000001ae63034f20] Heap_lock - owner thread: 0x000001ae63038880

Heap address: 0x0000000081800000, size: 2024 MB, Compressed Oops mode: 32-bit

CDS archive(s) mapped at: [0x0000000000000000-0x0000000000000000-0x0000000000000000), size 0, SharedBaseAddress: 0x0000000800000000, ArchiveRelocationMode: 0.
Narrow klass base: 0x0000000000000000, Narrow klass shift: 0, Narrow klass range: 0x0

GC Precious Log:
<Empty>

Heap:
 garbage-first heap   total 0K, used 0K [0x0000000081800000, 0x0000000100000000)
  region size 1024K, 0 young (0K), 0 survivors (0K)

[error occurred during error reporting (printing heap information), id 0xc0000005, EXCEPTION_ACCESS_VIOLATION (0xc0000005) at pc=0x00007fff00d20699]

GC Heap History (0 events):
No events

Deoptimization events (0 events):
No events

Classes unloaded (0 events):
No events

Classes redefined (0 events):
No events

Internal exceptions (0 events):
No events

VM Operations (0 events):
No events

Events (1 events):
Event: 0.014 Loaded shared library C:\Users\geeth\Downloads\sts-4.16.1.RELEASE\plugins\org.eclipse.justj.openjdk.hotspot.jre.full.win32.x86_64_17.0.4.v20221004-1257\jre\bin\java.dll


Dynamic libraries:
0x00007ff7da920000 - 0x00007ff7da92e000 	C:\Users\geeth\Downloads\sts-4.16.1.RELEASE\plugins\org.eclipse.justj.openjdk.hotspot.jre.full.win32.x86_64_17.0.4.v20221004-1257\jre\bin\javaw.exe
0x00007fff3e590000 - 0x00007fff3e788000 	C:\WINDOWS\SYSTEM32\ntdll.dll
0x00007fff2b2e0000 - 0x00007fff2b2f7000 	C:\Program Files\Avast Software\Avast\aswhook.dll
0x00007fff3cfd0000 - 0x00007fff3d08f000 	C:\WINDOWS\System32\KERNEL32.DLL
0x00007fff3c2f0000 - 0x00007fff3c5c2000 	C:\WINDOWS\System32\KERNELBASE.dll
0x00007fff3c140000 - 0x00007fff3c240000 	C:\WINDOWS\System32\ucrtbase.dll
0x00007fff2d880000 - 0x00007fff2d898000 	C:\Users\geeth\Downloads\sts-4.16.1.RELEASE\plugins\org.eclipse.justj.openjdk.hotspot.jre.full.win32.x86_64_17.0.4.v20221004-1257\jre\bin\jli.dll
0x00007fff3c7d0000 - 0x00007fff3c971000 	C:\WINDOWS\System32\USER32.dll
0x00007fff3bfe0000 - 0x00007fff3c002000 	C:\WINDOWS\System32\win32u.dll
0x00007fff3c690000 - 0x00007fff3c6bb000 	C:\WINDOWS\System32\GDI32.dll
0x00007fff3bd20000 - 0x00007fff3be2f000 	C:\WINDOWS\System32\gdi32full.dll
0x00007fff3c010000 - 0x00007fff3c0ad000 	C:\WINDOWS\System32\msvcp_win.dll
0x00007fff2af00000 - 0x00007fff2af19000 	C:\Users\geeth\Downloads\sts-4.16.1.RELEASE\plugins\org.eclipse.justj.openjdk.hotspot.jre.full.win32.x86_64_17.0.4.v20221004-1257\jre\bin\VCRUNTIME140.dll
0x00007fff1b7e0000 - 0x00007fff1ba7a000 	C:\WINDOWS\WinSxS\amd64_microsoft.windows.common-controls_6595b64144ccf1df_6.0.19041.1110_none_60b5254171f9507e\COMCTL32.dll
0x00007fff3c730000 - 0x00007fff3c7ce000 	C:\WINDOWS\System32\msvcrt.dll
0x00007fff3cb20000 - 0x00007fff3cb52000 	C:\WINDOWS\System32\IMM32.DLL
0x00007fff2aed0000 - 0x00007fff2aedc000 	C:\Users\geeth\Downloads\sts-4.16.1.RELEASE\plugins\org.eclipse.justj.openjdk.hotspot.jre.full.win32.x86_64_17.0.4.v20221004-1257\jre\bin\vcruntime140_1.dll
0x00007fff25780000 - 0x00007fff25811000 	C:\Users\geeth\Downloads\sts-4.16.1.RELEASE\plugins\org.eclipse.justj.openjdk.hotspot.jre.full.win32.x86_64_17.0.4.v20221004-1257\jre\bin\msvcp140.dll
0x00007fff00650000 - 0x00007fff01296000 	C:\Users\geeth\Downloads\sts-4.16.1.RELEASE\plugins\org.eclipse.justj.openjdk.hotspot.jre.full.win32.x86_64_17.0.4.v20221004-1257\jre\bin\server\jvm.dll
0x00007fff3d090000 - 0x00007fff3d13e000 	C:\WINDOWS\System32\ADVAPI32.dll
0x00007fff3df60000 - 0x00007fff3dffc000 	C:\WINDOWS\System32\sechost.dll
0x00007fff3d140000 - 0x00007fff3d265000 	C:\WINDOWS\System32\RPCRT4.dll
0x00007fff2b910000 - 0x00007fff2b919000 	C:\WINDOWS\SYSTEM32\WSOCK32.dll
0x00007fff3d5e0000 - 0x00007fff3d64b000 	C:\WINDOWS\System32\WS2_32.dll
0x00007fff1af30000 - 0x00007fff1af57000 	C:\WINDOWS\SYSTEM32\WINMM.dll
0x00007fff31820000 - 0x00007fff3182a000 	C:\WINDOWS\SYSTEM32\VERSION.dll
0x00007fff3c680000 - 0x00007fff3c688000 	C:\WINDOWS\System32\PSAPI.DLL
0x00007fff39b40000 - 0x00007fff39b52000 	C:\WINDOWS\SYSTEM32\kernel.appcore.dll
0x00007fff36c50000 - 0x00007fff36c5a000 	C:\Users\geeth\Downloads\sts-4.16.1.RELEASE\plugins\org.eclipse.justj.openjdk.hotspot.jre.full.win32.x86_64_17.0.4.v20221004-1257\jre\bin\jimage.dll
0x00007fff34730000 - 0x00007fff34914000 	C:\WINDOWS\SYSTEM32\DBGHELP.DLL
0x00007fff2c6a0000 - 0x00007fff2c6d5000 	C:\WINDOWS\SYSTEM32\dbgcore.DLL
0x00007fff3c0b0000 - 0x00007fff3c132000 	C:\WINDOWS\System32\bcryptPrimitives.dll
0x00007fff2d3e0000 - 0x00007fff2d405000 	C:\Users\geeth\Downloads\sts-4.16.1.RELEASE\plugins\org.eclipse.justj.openjdk.hotspot.jre.full.win32.x86_64_17.0.4.v20221004-1257\jre\bin\java.dll

dbghelp: loaded successfully - version: 4.0.5 - missing functions: none
symbol engine: initialized successfully - sym options: 0x614 - pdb path: .;C:\Users\geeth\Downloads\sts-4.16.1.RELEASE\plugins\org.eclipse.justj.openjdk.hotspot.jre.full.win32.x86_64_17.0.4.v20221004-1257\jre\bin;C:\WINDOWS\SYSTEM32;C:\Program Files\Avast Software\Avast;C:\WINDOWS\WinSxS\amd64_microsoft.windows.common-controls_6595b64144ccf1df_6.0.19041.1110_none_60b5254171f9507e;C:\Users\geeth\Downloads\sts-4.16.1.RELEASE\plugins\org.eclipse.justj.openjdk.hotspot.jre.full.win32.x86_64_17.0.4.v20221004-1257\jre\bin\server

VM Arguments:
jvm_args: -Dmaven.home=EMBEDDED -Dclassworlds.conf=C:\Users\geeth\Documents\workspace-spring-tool-suite-4-4.16.1.RELEASE\.metadata\.plugins\org.eclipse.m2e.launching\launches\m2conf11409290428515525734.tmp -Dmaven.multiModuleProjectDirectory=C:\Users\geeth\Documents\workspace-spring-tool-suite-4-4.16.1.RELEASE\Car-service -Dfile.encoding=UTF-8 -XX:+ShowCodeDetailsInExceptionMessages 
java_command: org.codehaus.plexus.classworlds.launcher.Launcher -Ppom.xml -B -Dstyle.color=always install
java_class_path (initial): C:\Users\geeth\Downloads\sts-4.16.1.RELEASE\plugins\org.eclipse.m2e.maven.runtime_3.8.601.20220820-1147\jars\plexus-classworlds-2.6.0.jar
Launcher Type: SUN_STANDARD

[Global flags]
     intx CICompilerCount                          = 3                                         {product} {ergonomic}
     uint ConcGCThreads                            = 1                                         {product} {ergonomic}
     uint G1ConcRefinementThreads                  = 4                                         {product} {ergonomic}
   size_t G1HeapRegionSize                         = 1048576                                   {product} {ergonomic}
    uintx GCDrainStackTargetSize                   = 64                                        {product} {ergonomic}
   size_t InitialHeapSize                          = 134217728                                 {product} {ergonomic}
   size_t MarkStackSize                            = 4194304                                   {product} {ergonomic}
   size_t MaxHeapSize                              = 2122317824                                {product} {ergonomic}
   size_t MinHeapDeltaBytes                        = 1048576                                   {product} {ergonomic}
   size_t MinHeapSize                              = 8388608                                   {product} {ergonomic}
    uintx NonNMethodCodeHeapSize                   = 5832780                                {pd product} {ergonomic}
    uintx NonProfiledCodeHeapSize                  = 122912730                              {pd product} {ergonomic}
    uintx ProfiledCodeHeapSize                     = 122912730                              {pd product} {ergonomic}
    uintx ReservedCodeCacheSize                    = 251658240                              {pd product} {ergonomic}
     bool SegmentedCodeCache                       = true                                      {product} {ergonomic}
     bool ShowCodeDetailsInExceptionMessages       = true                                   {manageable} {command line}
   size_t SoftMaxHeapSize                          = 2122317824                             {manageable} {ergonomic}
     bool UseCompressedClassPointers               = true                           {product lp64_product} {ergonomic}
     bool UseCompressedOops                        = true                           {product lp64_product} {ergonomic}
     bool UseG1GC                                  = true                                      {product} {ergonomic}
     bool UseLargePagesIndividualAllocation        = false                                  {pd product} {ergonomic}

Logging:
Log output configuration:
 #0: stdout all=warning uptime,level,tags
 #1: stderr all=off uptime,level,tags

Environment Variables:
JAVA_HOME=C:\Program Files\Java\jdk1.8.0_162
PATH=C:/Users/geeth/Downloads/sts-4.16.1.RELEASE//plugins/org.eclipse.justj.openjdk.hotspot.jre.full.win32.x86_64_17.0.4.v20221004-1257/jre/bin/server;C:/Users/geeth/Downloads/sts-4.16.1.RELEASE//plugins/org.eclipse.justj.openjdk.hotspot.jre.full.win32.x86_64_17.0.4.v20221004-1257/jre/bin;C:\Program Files\Common Files\Oracle\Java\javapath;C:\Program Files (x86)\Common Files\Oracle\Java\javapath;C:\ProgramData\Oracle\Java\javapath;C:\WINDOWS\system32;C:\WINDOWS;C:\WINDOWS\System32\Wbem;C:\WINDOWS\System32\WindowsPowerShell\v1.0\;C:\Program Files\Java\jdk1.8.0_162\bin;C:\Program Files (x86)\MiKTeX 2.9\miktex\bin\;C:\WINDOWS\System32\OpenSSH\;C:\Users\geeth\AppData\Local\Programs\Python\Python38;C:\Users\geeth\AppData\Local\Programs\Python\Python38\Scripts;C:\Program Files\nodejs\;c:\Program Files (x86)\Intel\Intel(R) Management Engine Components\DAL;c:\Program Files\Intel\Intel(R) Management Engine Components\DAL;C:\Program Files\Git\cmd;C:\Program Files\Microsoft VS Code\bin;C:\Users\geeth\scoop\shims;C:\Users\geeth\AppData\Local\Programs\Python\Python38\Scripts\;C:\Users\geeth\AppData\Local\Programs\Python\Python38\;C:\Users\geeth\AppData\Local\Microsoft\WindowsApps;C:\Users\geeth\AppData\Roaming\Dashlane\6.1.0.11480\bin\Firefox_Extension\{442718d9-475e-452a-b3e1-fb1ee16b8e9f}\components;C:\Users\geeth\AppData\Roaming\Dashlane\6.1.0.11480\ucrt;C:\Users\geeth\AppData\Roaming\Dashlane\6.1.0.11480\bin\Qt;C:\Users\geeth\AppData\Roaming\Dashlane\6.1.0.11480\bin\Ssl;C:\Program Files\JetBrains\PyCharm 2019.3.2\bin;C:\Program Files\JetBrains\PyCharm Community Edition 2020.2\bin;C:\Program Files (x86)\Java\jdk1.7.0_11\bin;C:\Program Files\JetBrains\IntelliJ IDEA Community Edition 2020.3.2\bin;C:\Users\geeth\AppData\Local\Microsoft\WindowsApps;C:\Users\geeth\AppData\Roaming\npm;C:\Users\geeth\AppData\Local\GitHubDesktop\bin;C:\Program Files\JetBrains\IntelliJ IDEA Community Edition 2022.2.4\bin;;C:\Program Files\Maven\apache-maven-3.8.7\bin;;C:\WINDOWS\system32;
USERNAME=geeth
OS=Windows_NT
PROCESSOR_IDENTIFIER=Intel64 Family 6 Model 142 Stepping 9, GenuineIntel
TMP=C:\Users\geeth\AppData\Local\Temp
TEMP=C:\Users\geeth\AppData\Local\Temp



---------------  S Y S T E M  ---------------

OS:
 Windows 10 , 64 bit Build 19041 (10.0.19041.2364)
OS uptime: 0 days 0:48 hours

CPU: total 4 (initial active 4) (2 cores per cpu, 2 threads per core) family 6 model 142 stepping 9 microcode 0xc6, cx8, cmov, fxsr, ht, mmx, 3dnowpref, sse, sse2, sse3, ssse3, sse4.1, sse4.2, popcnt, lzcnt, tsc, tscinvbit, avx, avx2, aes, erms, clmul, bmi1, bmi2, adx, fma, vzeroupper, clflush, clflushopt

Memory: 4k page, system-wide physical 8095M (932M free)
TotalPageFile size 8095M (AvailPageFile size 129M)
current process WorkingSet (physical memory assigned to process): 10M, peak: 10M
current process commit charge ("private bytes"): 51M, peak: 179M

vm_info: OpenJDK 64-Bit Server VM (17.0.4.1+1) for windows-amd64 JRE (17.0.4.1+1), built on Aug 17 2022 07:42:43 by "temurin" with MS VC++ 16.7 (VS2019)

END.
